{"C:\\Users\\Christian Souza\\project-01\\src\\App.tsx": {"path":"C:\\Users\\Christian Souza\\project-01\\src\\App.tsx","all":false,"statementMap":{"2":{"start":{"line":3,"column":0},"end":{"line":3,"column":18}},"4":{"start":{"line":5,"column":0},"end":{"line":5,"column":16}},"7":{"start":{"line":8,"column":0},"end":{"line":8,"column":10}},"8":{"start":{"line":9,"column":0},"end":{"line":9,"column":9}},"9":{"start":{"line":10,"column":0},"end":{"line":10,"column":27}},"10":{"start":{"line":11,"column":0},"end":{"line":11,"column":30}},"11":{"start":{"line":12,"column":0},"end":{"line":12,"column":10}},"13":{"start":{"line":14,"column":0},"end":{"line":14,"column":1}},"15":{"start":{"line":16,"column":0},"end":{"line":16,"column":18}}},"s":{"2":1,"4":2,"7":2,"8":2,"9":2,"10":2,"11":2,"13":2,"15":1},"branchMap":{"0":{"type":"branch","line":5,"loc":{"start":{"line":5,"column":0},"end":{"line":14,"column":1}},"locations":[{"start":{"line":5,"column":0},"end":{"line":14,"column":1}}]}},"b":{"0":[2]},"fnMap":{"0":{"name":"App","decl":{"start":{"line":5,"column":0},"end":{"line":14,"column":1}},"loc":{"start":{"line":5,"column":0},"end":{"line":14,"column":1}},"line":5}},"f":{"0":2}}
,"C:\\Users\\Christian Souza\\project-01\\src\\routes.tsx": {"path":"C:\\Users\\Christian Souza\\project-01\\src\\routes.tsx","all":false,"statementMap":{"0":{"start":{"line":1,"column":0},"end":{"line":1,"column":49}},"1":{"start":{"line":2,"column":0},"end":{"line":2,"column":34}},"2":{"start":{"line":3,"column":0},"end":{"line":3,"column":42}},"3":{"start":{"line":4,"column":0},"end":{"line":4,"column":36}},"4":{"start":{"line":5,"column":0},"end":{"line":5,"column":81}},"5":{"start":{"line":6,"column":0},"end":{"line":6,"column":50}},"11":{"start":{"line":12,"column":0},"end":{"line":12,"column":37}},"12":{"start":{"line":13,"column":0},"end":{"line":13,"column":11}},"13":{"start":{"line":14,"column":0},"end":{"line":14,"column":16}},"14":{"start":{"line":15,"column":0},"end":{"line":15,"column":49}},"15":{"start":{"line":16,"column":0},"end":{"line":16,"column":99}},"16":{"start":{"line":17,"column":0},"end":{"line":17,"column":57}},"17":{"start":{"line":18,"column":0},"end":{"line":18,"column":67}},"18":{"start":{"line":19,"column":0},"end":{"line":19,"column":115}},"20":{"start":{"line":21,"column":0},"end":{"line":21,"column":17}},"22":{"start":{"line":23,"column":0},"end":{"line":23,"column":1}}},"s":{"0":1,"1":1,"2":1,"3":1,"4":1,"5":1,"11":4,"12":4,"13":4,"14":4,"15":4,"16":4,"17":4,"18":4,"20":4,"22":4},"branchMap":{"0":{"type":"branch","line":12,"loc":{"start":{"line":12,"column":0},"end":{"line":23,"column":1}},"locations":[{"start":{"line":12,"column":0},"end":{"line":23,"column":1}}]}},"b":{"0":[4]},"fnMap":{"0":{"name":"MainRoutes","decl":{"start":{"line":12,"column":0},"end":{"line":23,"column":1}},"loc":{"start":{"line":12,"column":0},"end":{"line":23,"column":1}},"line":12}},"f":{"0":4}}
,"C:\\Users\\Christian Souza\\project-01\\src\\pages\\Dashboard\\index.tsx": {"path":"C:\\Users\\Christian Souza\\project-01\\src\\pages\\Dashboard\\index.tsx","all":false,"statementMap":{"0":{"start":{"line":1,"column":0},"end":{"line":1,"column":43}},"1":{"start":{"line":2,"column":0},"end":{"line":2,"column":41}},"3":{"start":{"line":4,"column":0},"end":{"line":4,"column":46}},"11":{"start":{"line":12,"column":0},"end":{"line":12,"column":65}},"12":{"start":{"line":13,"column":0},"end":{"line":13,"column":38}},"14":{"start":{"line":15,"column":0},"end":{"line":15,"column":62}},"17":{"start":{"line":18,"column":0},"end":{"line":18,"column":39}},"18":{"start":{"line":19,"column":0},"end":{"line":19,"column":41}},"20":{"start":{"line":21,"column":0},"end":{"line":21,"column":5}},"22":{"start":{"line":23,"column":0},"end":{"line":23,"column":21}},"23":{"start":{"line":24,"column":0},"end":{"line":24,"column":20}},"25":{"start":{"line":26,"column":0},"end":{"line":26,"column":49}},"26":{"start":{"line":27,"column":0},"end":{"line":27,"column":29}},"28":{"start":{"line":29,"column":0},"end":{"line":29,"column":12}},"30":{"start":{"line":31,"column":0},"end":{"line":31,"column":9}},"31":{"start":{"line":32,"column":0},"end":{"line":32,"column":7}},"32":{"start":{"line":33,"column":0},"end":{"line":33,"column":38}},"33":{"start":{"line":34,"column":0},"end":{"line":34,"column":26}},"35":{"start":{"line":36,"column":0},"end":{"line":36,"column":53}},"36":{"start":{"line":37,"column":0},"end":{"line":37,"column":40}},"37":{"start":{"line":38,"column":0},"end":{"line":38,"column":84}},"38":{"start":{"line":39,"column":0},"end":{"line":39,"column":43}},"39":{"start":{"line":40,"column":0},"end":{"line":40,"column":65}},"40":{"start":{"line":41,"column":0},"end":{"line":41,"column":51}},"41":{"start":{"line":42,"column":0},"end":{"line":42,"column":21}},"42":{"start":{"line":43,"column":0},"end":{"line":43,"column":15}},"44":{"start":{"line":45,"column":0},"end":{"line":45,"column":13}},"46":{"start":{"line":47,"column":0},"end":{"line":47,"column":10}},"48":{"start":{"line":49,"column":0},"end":{"line":49,"column":1}}},"s":{"0":1,"1":1,"3":1,"11":9,"12":9,"14":9,"17":9,"18":1,"20":1,"22":9,"23":5,"25":5,"26":5,"28":5,"30":9,"31":9,"32":9,"33":9,"35":9,"36":9,"37":8,"38":8,"39":8,"40":8,"41":8,"42":9,"44":9,"46":9,"48":9},"branchMap":{"0":{"type":"branch","line":12,"loc":{"start":{"line":12,"column":0},"end":{"line":49,"column":1}},"locations":[{"start":{"line":12,"column":0},"end":{"line":49,"column":1}}]},"1":{"type":"branch","line":18,"loc":{"start":{"line":18,"column":4},"end":{"line":21,"column":5}},"locations":[{"start":{"line":18,"column":4},"end":{"line":21,"column":5}}]},"2":{"type":"branch","line":23,"loc":{"start":{"line":23,"column":14},"end":{"line":31,"column":6}},"locations":[{"start":{"line":23,"column":14},"end":{"line":31,"column":6}}]},"3":{"type":"branch","line":24,"loc":{"start":{"line":24,"column":9},"end":{"line":29,"column":11}},"locations":[{"start":{"line":24,"column":9},"end":{"line":29,"column":11}}]},"4":{"type":"branch","line":37,"loc":{"start":{"line":37,"column":26},"end":{"line":42,"column":21}},"locations":[{"start":{"line":37,"column":26},"end":{"line":42,"column":21}}]},"5":{"type":"branch","line":38,"loc":{"start":{"line":38,"column":47},"end":{"line":38,"column":84}},"locations":[{"start":{"line":38,"column":47},"end":{"line":38,"column":84}}]}},"b":{"0":[9],"1":[1],"2":[5],"3":[5],"4":[8],"5":[1]},"fnMap":{"0":{"name":"Dashboard","decl":{"start":{"line":12,"column":0},"end":{"line":49,"column":1}},"loc":{"start":{"line":12,"column":0},"end":{"line":49,"column":1}},"line":12},"1":{"name":"handleNavigate","decl":{"start":{"line":18,"column":4},"end":{"line":21,"column":5}},"loc":{"start":{"line":18,"column":4},"end":{"line":21,"column":5}},"line":18},"2":{"name":"onClick","decl":{"start":{"line":38,"column":47},"end":{"line":38,"column":84}},"loc":{"start":{"line":38,"column":47},"end":{"line":38,"column":84}},"line":38}},"f":{"0":9,"1":1,"2":1}}
,"C:\\Users\\Christian Souza\\project-01\\src\\pages\\Login\\index.tsx": {"path":"C:\\Users\\Christian Souza\\project-01\\src\\pages\\Login\\index.tsx","all":false,"statementMap":{"1":{"start":{"line":2,"column":0},"end":{"line":2,"column":41}},"2":{"start":{"line":3,"column":0},"end":{"line":3,"column":52}},"5":{"start":{"line":6,"column":0},"end":{"line":6,"column":34}},"7":{"start":{"line":8,"column":0},"end":{"line":8,"column":34}},"11":{"start":{"line":12,"column":0},"end":{"line":12,"column":43}},"12":{"start":{"line":13,"column":0},"end":{"line":13,"column":30}},"14":{"start":{"line":15,"column":0},"end":{"line":15,"column":30}},"15":{"start":{"line":16,"column":0},"end":{"line":16,"column":5}},"20":{"start":{"line":21,"column":0},"end":{"line":21,"column":7}},"21":{"start":{"line":22,"column":0},"end":{"line":22,"column":38}},"24":{"start":{"line":25,"column":0},"end":{"line":25,"column":43}},"25":{"start":{"line":26,"column":0},"end":{"line":26,"column":24}},"26":{"start":{"line":27,"column":0},"end":{"line":27,"column":61}},"27":{"start":{"line":28,"column":0},"end":{"line":28,"column":61}},"28":{"start":{"line":29,"column":0},"end":{"line":29,"column":30}},"29":{"start":{"line":30,"column":0},"end":{"line":30,"column":63}},"30":{"start":{"line":31,"column":0},"end":{"line":31,"column":15}},"32":{"start":{"line":33,"column":0},"end":{"line":33,"column":10}},"34":{"start":{"line":35,"column":0},"end":{"line":35,"column":1}}},"s":{"1":1,"2":1,"5":8,"7":8,"11":8,"12":1,"14":1,"15":1,"20":8,"21":8,"24":8,"25":8,"26":8,"27":8,"28":8,"29":8,"30":8,"32":8,"34":8},"branchMap":{"0":{"type":"branch","line":6,"loc":{"start":{"line":6,"column":0},"end":{"line":35,"column":1}},"locations":[{"start":{"line":6,"column":0},"end":{"line":35,"column":1}}]},"1":{"type":"branch","line":12,"loc":{"start":{"line":12,"column":4},"end":{"line":16,"column":5}},"locations":[{"start":{"line":12,"column":4},"end":{"line":16,"column":5}}]}},"b":{"0":[8],"1":[1]},"fnMap":{"0":{"name":"Login","decl":{"start":{"line":6,"column":0},"end":{"line":35,"column":1}},"loc":{"start":{"line":6,"column":0},"end":{"line":35,"column":1}},"line":6},"1":{"name":"handleSubmit","decl":{"start":{"line":12,"column":4},"end":{"line":16,"column":5}},"loc":{"start":{"line":12,"column":4},"end":{"line":16,"column":5}},"line":12}},"f":{"0":8,"1":1}}
,"C:\\Users\\Christian Souza\\project-01\\src\\pages\\PokemonDetail\\index.tsx": {"path":"C:\\Users\\Christian Souza\\project-01\\src\\pages\\PokemonDetail\\index.tsx","all":false,"statementMap":{"0":{"start":{"line":1,"column":0},"end":{"line":1,"column":44}},"1":{"start":{"line":2,"column":0},"end":{"line":2,"column":51}},"3":{"start":{"line":4,"column":0},"end":{"line":4,"column":41}},"9":{"start":{"line":10,"column":0},"end":{"line":10,"column":67}},"12":{"start":{"line":13,"column":0},"end":{"line":13,"column":31}},"13":{"start":{"line":14,"column":0},"end":{"line":14,"column":41}},"17":{"start":{"line":18,"column":0},"end":{"line":18,"column":56}},"18":{"start":{"line":19,"column":0},"end":{"line":19,"column":13}},"19":{"start":{"line":20,"column":0},"end":{"line":20,"column":17}},"20":{"start":{"line":21,"column":0},"end":{"line":21,"column":16}},"21":{"start":{"line":22,"column":0},"end":{"line":22,"column":15}},"22":{"start":{"line":23,"column":0},"end":{"line":23,"column":6}},"24":{"start":{"line":25,"column":0},"end":{"line":25,"column":21}},"27":{"start":{"line":28,"column":0},"end":{"line":28,"column":21}},"28":{"start":{"line":29,"column":0},"end":{"line":29,"column":24}},"30":{"start":{"line":31,"column":0},"end":{"line":31,"column":47}},"31":{"start":{"line":32,"column":0},"end":{"line":32,"column":46}},"32":{"start":{"line":33,"column":0},"end":{"line":33,"column":22}},"33":{"start":{"line":34,"column":0},"end":{"line":34,"column":13}},"34":{"start":{"line":35,"column":0},"end":{"line":35,"column":70}},"37":{"start":{"line":38,"column":0},"end":{"line":38,"column":28}},"39":{"start":{"line":40,"column":0},"end":{"line":40,"column":12}},"40":{"start":{"line":41,"column":0},"end":{"line":41,"column":9}},"53":{"start":{"line":54,"column":0},"end":{"line":54,"column":11}},"54":{"start":{"line":55,"column":0},"end":{"line":55,"column":42}},"55":{"start":{"line":56,"column":0},"end":{"line":56,"column":17}},"58":{"start":{"line":59,"column":0},"end":{"line":59,"column":35}},"59":{"start":{"line":60,"column":0},"end":{"line":60,"column":58}},"60":{"start":{"line":61,"column":0},"end":{"line":61,"column":43}},"61":{"start":{"line":62,"column":0},"end":{"line":62,"column":18}},"62":{"start":{"line":63,"column":0},"end":{"line":63,"column":47}},"63":{"start":{"line":64,"column":0},"end":{"line":64,"column":47}},"64":{"start":{"line":65,"column":0},"end":{"line":65,"column":14}},"68":{"start":{"line":69,"column":0},"end":{"line":69,"column":1}}},"s":{"0":1,"1":1,"3":1,"9":6,"12":6,"13":6,"17":6,"18":6,"19":6,"20":6,"21":6,"22":6,"24":6,"27":3,"28":3,"30":3,"31":1,"32":1,"33":1,"34":2,"37":2,"39":3,"40":6,"53":6,"54":6,"55":6,"58":6,"59":6,"60":6,"61":6,"62":6,"63":6,"64":6,"68":6},"branchMap":{"0":{"type":"branch","line":10,"loc":{"start":{"line":10,"column":0},"end":{"line":69,"column":1}},"locations":[{"start":{"line":10,"column":0},"end":{"line":69,"column":1}}]},"1":{"type":"branch","line":64,"loc":{"start":{"line":64,"column":13},"end":{"line":64,"column":47}},"locations":[{"start":{"line":64,"column":13},"end":{"line":64,"column":47}}]},"2":{"type":"branch","line":25,"loc":{"start":{"line":25,"column":14},"end":{"line":41,"column":6}},"locations":[{"start":{"line":25,"column":14},"end":{"line":41,"column":6}}]},"3":{"type":"branch","line":28,"loc":{"start":{"line":28,"column":9},"end":{"line":40,"column":11}},"locations":[{"start":{"line":28,"column":9},"end":{"line":40,"column":11}}]},"4":{"type":"branch","line":31,"loc":{"start":{"line":31,"column":46},"end":{"line":34,"column":13}},"locations":[{"start":{"line":31,"column":46},"end":{"line":34,"column":13}}]},"5":{"type":"branch","line":34,"loc":{"start":{"line":34,"column":12},"end":{"line":38,"column":28}},"locations":[{"start":{"line":34,"column":12},"end":{"line":38,"column":28}}]}},"b":{"0":[6],"1":[1],"2":[3],"3":[3],"4":[1],"5":[2]},"fnMap":{"0":{"name":"PokemonDetail","decl":{"start":{"line":10,"column":0},"end":{"line":69,"column":1}},"loc":{"start":{"line":10,"column":0},"end":{"line":69,"column":1}},"line":10}},"f":{"0":6}}
,"C:\\Users\\Christian Souza\\project-01\\src\\pages\\SignUp\\index.tsx": {"path":"C:\\Users\\Christian Souza\\project-01\\src\\pages\\SignUp\\index.tsx","all":false,"statementMap":{"1":{"start":{"line":2,"column":0},"end":{"line":2,"column":46}},"2":{"start":{"line":3,"column":0},"end":{"line":3,"column":41}},"4":{"start":{"line":5,"column":0},"end":{"line":5,"column":39}},"6":{"start":{"line":7,"column":0},"end":{"line":7,"column":33}},"8":{"start":{"line":9,"column":0},"end":{"line":9,"column":34}},"11":{"start":{"line":12,"column":0},"end":{"line":12,"column":45}},"12":{"start":{"line":13,"column":0},"end":{"line":13,"column":30}},"14":{"start":{"line":15,"column":0},"end":{"line":15,"column":30}},"16":{"start":{"line":17,"column":0},"end":{"line":17,"column":5}},"17":{"start":{"line":18,"column":0},"end":{"line":18,"column":11}},"18":{"start":{"line":19,"column":0},"end":{"line":19,"column":42}},"20":{"start":{"line":21,"column":0},"end":{"line":21,"column":42}},"21":{"start":{"line":22,"column":0},"end":{"line":22,"column":32}},"22":{"start":{"line":23,"column":0},"end":{"line":23,"column":62}},"23":{"start":{"line":24,"column":0},"end":{"line":24,"column":63}},"24":{"start":{"line":25,"column":0},"end":{"line":25,"column":63}},"26":{"start":{"line":27,"column":0},"end":{"line":27,"column":36}},"27":{"start":{"line":28,"column":0},"end":{"line":28,"column":60}},"29":{"start":{"line":30,"column":0},"end":{"line":30,"column":19}},"31":{"start":{"line":32,"column":0},"end":{"line":32,"column":14}},"33":{"start":{"line":34,"column":0},"end":{"line":34,"column":1}}},"s":{"1":1,"2":1,"4":1,"6":7,"8":7,"11":7,"12":1,"14":1,"16":1,"17":7,"18":7,"20":7,"21":7,"22":7,"23":7,"24":7,"26":7,"27":7,"29":7,"31":7,"33":7},"branchMap":{"0":{"type":"branch","line":7,"loc":{"start":{"line":7,"column":0},"end":{"line":34,"column":1}},"locations":[{"start":{"line":7,"column":0},"end":{"line":34,"column":1}}]},"1":{"type":"branch","line":12,"loc":{"start":{"line":12,"column":4},"end":{"line":17,"column":5}},"locations":[{"start":{"line":12,"column":4},"end":{"line":17,"column":5}}]}},"b":{"0":[7],"1":[1]},"fnMap":{"0":{"name":"SignUp","decl":{"start":{"line":7,"column":0},"end":{"line":34,"column":1}},"loc":{"start":{"line":7,"column":0},"end":{"line":34,"column":1}},"line":7},"1":{"name":"handleSubmit","decl":{"start":{"line":12,"column":4},"end":{"line":17,"column":5}},"loc":{"start":{"line":12,"column":4},"end":{"line":17,"column":5}},"line":12}},"f":{"0":7,"1":1}}
,"C:\\Users\\Christian Souza\\project-01\\src\\services\\pokemonService.ts": {"path":"C:\\Users\\Christian Souza\\project-01\\src\\services\\pokemonService.ts","all":false,"statementMap":{"4":{"start":{"line":5,"column":0},"end":{"line":5,"column":40}},"7":{"start":{"line":8,"column":0},"end":{"line":8,"column":65}},"10":{"start":{"line":11,"column":0},"end":{"line":11,"column":55}},"14":{"start":{"line":15,"column":0},"end":{"line":15,"column":32}},"16":{"start":{"line":17,"column":0},"end":{"line":17,"column":1}},"18":{"start":{"line":19,"column":0},"end":{"line":19,"column":74}},"21":{"start":{"line":22,"column":0},"end":{"line":22,"column":61}},"25":{"start":{"line":26,"column":0},"end":{"line":26,"column":32}},"27":{"start":{"line":28,"column":0},"end":{"line":28,"column":1}}},"s":{"4":1,"7":2,"10":2,"14":2,"16":2,"18":1,"21":1,"25":1,"27":1},"branchMap":{"0":{"type":"branch","line":8,"loc":{"start":{"line":8,"column":0},"end":{"line":17,"column":1}},"locations":[{"start":{"line":8,"column":0},"end":{"line":17,"column":1}}]},"1":{"type":"branch","line":19,"loc":{"start":{"line":19,"column":0},"end":{"line":28,"column":1}},"locations":[{"start":{"line":19,"column":0},"end":{"line":28,"column":1}}]}},"b":{"0":[2],"1":[1]},"fnMap":{"0":{"name":"fetchPokemonList","decl":{"start":{"line":8,"column":0},"end":{"line":17,"column":1}},"loc":{"start":{"line":8,"column":0},"end":{"line":17,"column":1}},"line":8},"1":{"name":"fetchPokemonDetail","decl":{"start":{"line":19,"column":0},"end":{"line":28,"column":1}},"loc":{"start":{"line":19,"column":0},"end":{"line":28,"column":1}},"line":19}},"f":{"0":2,"1":1}}
}
